0 info it worked if it ends with ok
1 verbose cli [ 'C:\\Program Files\\nodejs\\node.exe',
1 verbose cli   'C:\\Program Files\\nodejs\\node_modules\\npm\\bin\\npm-cli.js',
1 verbose cli   'run',
1 verbose cli   'start' ]
2 info using npm@3.10.10
3 info using node@v6.9.5
4 verbose run-script [ 'prestart', 'start', 'poststart' ]
5 info lifecycle buttonsresult@1.0.0~prestart: buttonsresult@1.0.0
6 silly lifecycle buttonsresult@1.0.0~prestart: no script for prestart, continuing
7 info lifecycle buttonsresult@1.0.0~start: buttonsresult@1.0.0
8 verbose lifecycle buttonsresult@1.0.0~start: unsafe-perm in lifecycle true
9 verbose lifecycle buttonsresult@1.0.0~start: PATH: C:\Program Files\nodejs\node_modules\npm\bin\node-gyp-bin;J:\Dev\github\Courses\Pluralsight\1. Reactjs-Getting Started\1.ButtonsPlusResult + Webpack\node_modules\.bin;C:\Program Files\Git\mingw64\bin;C:\Program Files\Git\usr\bin;C:\Users\vaio\bin;C:\Program Files\Docker\Docker\Resources\bin;C:\ProgramData\Oracle\Java\javapath;C:\WINDOWS\system32;C:\WINDOWS;C:\WINDOWS\System32\Wbem;C:\WINDOWS\System32\WindowsPowerShell\v1.0;C:\Program Files\Git\cmd;C:\Program Files (x86)\Calibre2;C:\Users\vaio\AppData\Local\Android\sdk\platform-tools;C:\Users\vaio\AppData\Roaming\nvm;C:\Program Files\nodejs;C:\Program Files\nodejs;C:\WINDOWS\system32;C:\WINDOWS;C:\WINDOWS\System32\Wbem;C:\WINDOWS\System32\WindowsPowerShell\v1.0;C:\Users\vaio\AppData\Local\Programs\Python\Python35-32\Scripts;C:\Users\vaio\AppData\Local\Programs\Python\Python35-32;C:\Users\vaio\AppData\Local\Microsoft\WindowsApps;C:\Program Files (x86)\Microsoft VS Code\bin;C:\Users\vaio\AppData\Local\atom\bin;C:\Users\vaio\AppData\Roaming\nvm;C:\Program Files\nodejs;C:\Users\vaio\AppData\Roaming\npm;C:\Users\vaio\AppData\Local\Microsoft\WindowsApps
10 verbose lifecycle buttonsresult@1.0.0~start: CWD: J:\Dev\github\Courses\Pluralsight\1. Reactjs-Getting Started\1.ButtonsPlusResult + Webpack
11 silly lifecycle buttonsresult@1.0.0~start: Args: [ '/d /s /c', 'webpack-dev-server' ]
12 silly lifecycle buttonsresult@1.0.0~start: Returned: code: 1  signal: null
13 info lifecycle buttonsresult@1.0.0~start: Failed to exec start script
14 verbose stack Error: buttonsresult@1.0.0 start: `webpack-dev-server`
14 verbose stack Exit status 1
14 verbose stack     at EventEmitter.<anonymous> (C:\Program Files\nodejs\node_modules\npm\lib\utils\lifecycle.js:255:16)
14 verbose stack     at emitTwo (events.js:106:13)
14 verbose stack     at EventEmitter.emit (events.js:191:7)
14 verbose stack     at ChildProcess.<anonymous> (C:\Program Files\nodejs\node_modules\npm\lib\utils\spawn.js:40:14)
14 verbose stack     at emitTwo (events.js:106:13)
14 verbose stack     at ChildProcess.emit (events.js:191:7)
14 verbose stack     at maybeClose (internal/child_process.js:877:16)
14 verbose stack     at Process.ChildProcess._handle.onexit (internal/child_process.js:226:5)
15 verbose pkgid buttonsresult@1.0.0
16 verbose cwd J:\Dev\github\Courses\Pluralsight\1. Reactjs-Getting Started\1.ButtonsPlusResult + Webpack
17 error Windows_NT 10.0.15063
18 error argv "C:\\Program Files\\nodejs\\node.exe" "C:\\Program Files\\nodejs\\node_modules\\npm\\bin\\npm-cli.js" "run" "start"
19 error node v6.9.5
20 error npm  v3.10.10
21 error code ELIFECYCLE
22 error buttonsresult@1.0.0 start: `webpack-dev-server`
22 error Exit status 1
23 error Failed at the buttonsresult@1.0.0 start script 'webpack-dev-server'.
23 error Make sure you have the latest version of node.js and npm installed.
23 error If you do, this is most likely a problem with the buttonsresult package,
23 error not with npm itself.
23 error Tell the author that this fails on your system:
23 error     webpack-dev-server
23 error You can get information on how to open an issue for this project with:
23 error     npm bugs buttonsresult
23 error Or if that isn't available, you can get their info via:
23 error     npm owner ls buttonsresult
23 error There is likely additional logging output above.
24 verbose exit [ 1, true ]
